Copyright 1986-2020 Xilinx, Inc. All Rights Reserved.
-------------------------------------------------------------------------------------------
| Tool Version      : Vivado v.2020.2 (win64) Build 3064766 Wed Nov 18 09:12:45 MST 2020
| Date              : Mon Aug  4 19:03:58 2025
| Host              : DESKTOP-7CFQ9ND running 64-bit major release  (build 9200)
| Command           : report_clock_utilization -file fpga_top_clock_utilization_routed.rpt
| Design            : fpga_top
| Device            : xczu7ev-fbvb900
| Speed File        : -1  PRODUCTION 1.29 08-03-2020
| Temperature Grade : I
| Design State      : Routed
-------------------------------------------------------------------------------------------

Clock Utilization Report

Table of Contents
-----------------
1. Clock Primitive Utilization
2. Global Clock Resources
3. Global Clock Source Details
4. Clock Regions : Clock Primitives
5. Clock Regions : Load Primitives
6. Clock Regions : Global Clock Summary
7. Clock Regions : Routing Resource Utilization
8. Device Cell Placement Summary for Global Clock g0
9. Device Cell Placement Summary for Global Clock g1
10. Device Cell Placement Summary for Global Clock g2
11. Device Cell Placement Summary for Global Clock g3
12. Device Cell Placement Summary for Global Clock g4
13. Device Cell Placement Summary for Global Clock g5
14. Device Cell Placement Summary for Global Clock g6
15. Clock Region Cell Placement per Global Clock: Region X1Y1
16. Clock Region Cell Placement per Global Clock: Region X2Y1
17. Clock Region Cell Placement per Global Clock: Region X3Y1
18. Clock Region Cell Placement per Global Clock: Region X1Y2
19. Clock Region Cell Placement per Global Clock: Region X2Y2
20. Clock Region Cell Placement per Global Clock: Region X3Y2
21. Clock Region Cell Placement per Global Clock: Region X1Y3
22. Clock Region Cell Placement per Global Clock: Region X2Y3
23. Clock Region Cell Placement per Global Clock: Region X3Y3
24. Clock Region Cell Placement per Global Clock: Region X0Y4
25. Clock Region Cell Placement per Global Clock: Region X1Y4
26. Clock Region Cell Placement per Global Clock: Region X2Y4
27. Clock Region Cell Placement per Global Clock: Region X3Y4
28. Clock Region Cell Placement per Global Clock: Region X0Y5
29. Clock Region Cell Placement per Global Clock: Region X1Y5
30. Clock Region Cell Placement per Global Clock: Region X2Y5

1. Clock Primitive Utilization
------------------------------

+------------+------+-----------+-----+--------------+--------+
| Type       | Used | Available | LOC | Clock Region | Pblock |
+------------+------+-----------+-----+--------------+--------+
| BUFGCE     |    7 |       208 |   0 |            0 |      0 |
| BUFGCE_DIV |    0 |        32 |   0 |            0 |      0 |
| BUFGCTRL   |    0 |        64 |   0 |            0 |      0 |
| BUFG_GT    |    0 |       144 |   0 |            0 |      0 |
| MMCM       |    1 |         8 |   0 |            0 |      0 |
| PLL        |    0 |        16 |   0 |            0 |      0 |
+------------+------+-----------+-----+--------------+--------+


2. Global Clock Resources
-------------------------

+-----------+-----------+-----------------+------------+------------------+--------------+------+-------------------+-------------------+-------------+-----------------+--------------+-----------------------------------------------------------------------------------------------------+----------------------------------------------------------------------+------------------------------------------------+
| Global Id | Source Id | Driver Type/Pin | Constraint | Site             | Clock Region | Root | Clock Delay Group | Load Clock Region | Clock Loads | Non-Clock Loads | Clock Period | Clock                                                                                               | Driver Pin                                                           | Net                                            |
+-----------+-----------+-----------------+------------+------------------+--------------+------+-------------------+-------------------+-------------+-----------------+--------------+-----------------------------------------------------------------------------------------------------+----------------------------------------------------------------------+------------------------------------------------+
| g0        | src0      | BUFGCE/O        | None       | BUFGCE_X1Y88     | X2Y3         | X2Y3 |                   |                15 |       45300 |               0 |        9.999 | clk_clk_wiz_0                                                                                       | U_CLK_WIZARD/inst/clkout1_buf/O                                      | U_CLK_WIZARD/inst/clk                          |
| g1        | src1      | BUFGCE/O        | None       | BUFGCE_X1Y96     | X2Y4         | X0Y4 |                   |                 3 |       13312 |              85 |              |                                                                                                     | w_done_BUFG_inst/O                                                   | w_done_BUFG                                    |
| g2        | src2      | BUFGCE/O        | None       | BUFGCE_X0Y119    | X0Y4         | X1Y4 |                   |                 4 |         460 |               0 |       50.000 | dbg_hub/inst/BSCANID.u_xsdbm_id/SWITCH_N_EXT_BSCAN.bscan_inst/SERIES7_BSCAN.bscan_inst/INTERNAL_TCK | dbg_hub/inst/BSCANID.u_xsdbm_id/SWITCH_N_EXT_BSCAN.u_bufg_icon_tck/O | dbg_hub/inst/BSCANID.u_xsdbm_id/itck_i         |
| g3        | src3      | BUFGCE/O        | None       | BUFGCE_X1Y86     | X2Y3         | X2Y3 | n/a               |                 3 |           0 |            1024 |          n/a | n/a                                                                                                 | U_FFT_TOP/MODULE_1/MOD1_2/U_CU_MOD12/bf_en_reg_bufg_place/O          | U_FFT_TOP/MODULE_1/MOD1_2/U_CU_MOD12/w_bf_en   |
| g4        | src4      | BUFGCE/O        | None       | BUFGCE_X1Y104    | X2Y4         | X2Y4 | n/a               |                 3 |           0 |            1088 |          n/a | n/a                                                                                                 | U_FFT_TOP/MODULE_2/MOD2_1/alert_mod21_reg_bufg_place/O               | U_FFT_TOP/MODULE_2/MOD2_1/alert_mod21_reg_0[0] |
| g5        | src5      | BUFGCE/O        | None       | BUFGCE_X1Y98     | X2Y4         | X2Y4 | n/a               |                 8 |           0 |           13312 |          n/a | n/a                                                                                                 | U_FFT_TOP/TOP_CBFP_REORDER/U_REORDER/shift_reg_512_reg_bufg_place/O  | U_FFT_TOP/TOP_CBFP_REORDER/U_REORDER/E[0]      |
| g6        | src6      | BUFGCE/O        | None       | BUFGCE_HDIO_X1Y1 | X0Y4         | X1Y3 | n/a               |                14 |           0 |           49578 |          n/a | n/a                                                                                                 | rstn_IBUF_BUFG_inst/O                                                | rstn_IBUF_BUFG                                 |
+-----------+-----------+-----------------+------------+------------------+--------------+------+-------------------+-------------------+-------------+-----------------+--------------+-----------------------------------------------------------------------------------------------------+----------------------------------------------------------------------+------------------------------------------------+
* Clock Loads column represents the clock pin loads (pin count)
** Non-Clock Loads column represents the non-clock pin loads (pin count)


3. Global Clock Source Details
------------------------------

+-----------+-----------+--------------------+------------+------------------+--------------+-------------+-----------------+---------------------+-----------------------------------------------------------------------------------------------------+--------------------------------------------------------------------------------------------+----------------------------------------------------------------------+
| Source Id | Global Id | Driver Type/Pin    | Constraint | Site             | Clock Region | Clock Loads | Non-Clock Loads | Source Clock Period | Source Clock                                                                                        | Driver Pin                                                                                 | Net                                                                  |
+-----------+-----------+--------------------+------------+------------------+--------------+-------------+-----------------+---------------------+-----------------------------------------------------------------------------------------------------+--------------------------------------------------------------------------------------------+----------------------------------------------------------------------+
| src0      | g0        | MMCME4_ADV/CLKOUT0 | None       | MMCM_X1Y3        | X2Y3         |           1 |               0 |               9.999 | clk_clk_wiz_0                                                                                       | U_CLK_WIZARD/inst/mmcme4_adv_inst/CLKOUT0                                                  | U_CLK_WIZARD/inst/clk_clk_wiz_0                                      |
| src1      | g1        | FDCE/Q             | None       | SLICE_X66Y241    | X2Y4         |           1 |           13313 |                     |                                                                                                     | U_FFT_TOP/TOP_CBFP_REORDER/U_REORDER/U_MEM_FULL_CTRL/full_512_reg/Q                        | U_FFT_TOP/TOP_CBFP_REORDER/U_REORDER/U_MEM_FULL_CTRL/full_512_reg_0  |
| src2      | g2        | BSCANE2/TCK        | None       | CONFIG_SITE_X0Y0 | X3Y2         |           1 |               0 |              50.000 | dbg_hub/inst/BSCANID.u_xsdbm_id/SWITCH_N_EXT_BSCAN.bscan_inst/SERIES7_BSCAN.bscan_inst/INTERNAL_TCK | dbg_hub/inst/BSCANID.u_xsdbm_id/SWITCH_N_EXT_BSCAN.bscan_inst/SERIES7_BSCAN.bscan_inst/TCK | dbg_hub/inst/BSCANID.u_xsdbm_id/SWITCH_N_EXT_BSCAN.bscan_inst/tck_bs |
| src3      | g3        | FDCE/Q             | None       | SLICE_X81Y165    | X2Y2         |           1 |               0 |                     |                                                                                                     | U_FFT_TOP/MODULE_1/MOD1_2/U_CU_MOD12/bf_en_reg/Q                                           | U_FFT_TOP/MODULE_1/MOD1_2/U_CU_MOD12/w_bf_en_bufg_place              |
| src4      | g4        | FDCE/Q             | None       | SLICE_X84Y220    | X2Y3         |           1 |               0 |                     |                                                                                                     | U_FFT_TOP/MODULE_2/MOD2_1/alert_mod21_reg/Q                                                | U_FFT_TOP/MODULE_2/MOD2_1/alert_mod21_reg_0[0]_bufg_place            |
| src5      | g5        | FDCE/Q             | None       | SLICE_X66Y241    | X2Y4         |           1 |               0 |                     |                                                                                                     | U_FFT_TOP/TOP_CBFP_REORDER/U_REORDER/shift_reg_512_reg/Q                                   | U_FFT_TOP/TOP_CBFP_REORDER/U_REORDER/E[0]_bufg_place                 |
| src6      | g6        | IBUFCTRL/O         | IOB_X2Y52  | IOB_X2Y52        | X2Y1         |           1 |               2 |                     |                                                                                                     | rstn_IBUF_inst/IBUFCTRL_INST/O                                                             | rstn_IBUF_inst/O                                                     |
+-----------+-----------+--------------------+------------+------------------+--------------+-------------+-----------------+---------------------+-----------------------------------------------------------------------------------------------------+--------------------------------------------------------------------------------------------+----------------------------------------------------------------------+
* Clock Loads column represents the clock pin loads (pin count)
** Non-Clock Loads column represents the non-clock pin loads (pin count)


4. Clock Regions : Clock Primitives
-----------------------------------

+-------------------+---------------+---------------+---------------+---------------+---------------+---------------+---------------+
|                   |  Global Clock |     BUFGCE    |   BUFGCE_DIV  |    BUFGCTRL   |    BUFG_GT    |      MMCM     |      PLL      |
+-------------------+-------+-------+-------+-------+-------+-------+-------+-------+-------+-------+-------+-------+-------+-------+
| Clock Region Name | Used  | Avail | Used  | Avail | Used  | Avail | Used  | Avail | Used  | Avail | Used  | Avail | Used  | Avail |
+-------------------+-------+-------+-------+-------+-------+-------+-------+-------+-------+-------+-------+-------+-------+-------+
| X0Y0              |     0 |     0 |     0 |     0 |     0 |     0 |     0 |     0 |     0 |     0 |     0 |     0 |     0 |     0 |
| X1Y0              |     0 |    24 |     0 |     0 |     0 |     0 |     0 |     0 |     0 |     0 |     0 |     0 |     0 |     0 |
| X2Y0              |     0 |    24 |     0 |    24 |     0 |     4 |     0 |     8 |     0 |     0 |     0 |     1 |     0 |     2 |
| X3Y0              |     0 |    24 |     0 |     0 |     0 |     0 |     0 |     0 |     0 |    24 |     0 |     0 |     0 |     0 |
| X0Y1              |     0 |     0 |     0 |     0 |     0 |     0 |     0 |     0 |     0 |     0 |     0 |     0 |     0 |     0 |
| X1Y1              |     2 |    24 |     0 |     0 |     0 |     0 |     0 |     0 |     0 |     0 |     0 |     0 |     0 |     0 |
| X2Y1              |     2 |    24 |     0 |    24 |     0 |     4 |     0 |     8 |     0 |     0 |     0 |     1 |     0 |     2 |
| X3Y1              |     2 |    24 |     0 |     0 |     0 |     0 |     0 |     0 |     0 |    24 |     0 |     0 |     0 |     0 |
| X0Y2              |     0 |     0 |     0 |     0 |     0 |     0 |     0 |     0 |     0 |     0 |     0 |     0 |     0 |     0 |
| X1Y2              |     3 |    24 |     0 |     0 |     0 |     0 |     0 |     0 |     0 |     0 |     0 |     0 |     0 |     0 |
| X2Y2              |     3 |    24 |     0 |    24 |     0 |     4 |     0 |     8 |     0 |     0 |     0 |     1 |     0 |     2 |
| X3Y2              |     2 |    24 |     0 |     0 |     0 |     0 |     0 |     0 |     0 |    24 |     0 |     0 |     0 |     0 |
| X0Y3              |     0 |     0 |     0 |     0 |     0 |     0 |     0 |     0 |     0 |     0 |     0 |     0 |     0 |     0 |
| X1Y3              |     5 |    24 |     0 |     0 |     0 |     0 |     0 |     0 |     0 |     0 |     0 |     0 |     0 |     0 |
| X2Y3              |     5 |    24 |     2 |    24 |     0 |     4 |     0 |     8 |     0 |     0 |     1 |     1 |     0 |     2 |
| X3Y3              |     4 |    24 |     0 |     0 |     0 |     0 |     0 |     0 |     0 |    24 |     0 |     0 |     0 |     0 |
| X0Y4              |     4 |    24 |     2 |    28 |     0 |     4 |     0 |     8 |     0 |     0 |     0 |     1 |     0 |     2 |
| X1Y4              |     5 |    24 |     0 |     0 |     0 |     0 |     0 |     0 |     0 |     0 |     0 |     0 |     0 |     0 |
| X2Y4              |     4 |    24 |     3 |    24 |     0 |     4 |     0 |     8 |     0 |     0 |     0 |     1 |     0 |     2 |
| X3Y4              |     4 |    24 |     0 |     4 |     0 |     0 |     0 |     0 |     0 |    24 |     0 |     0 |     0 |     0 |
| X0Y5              |     3 |    24 |     0 |    28 |     0 |     4 |     0 |     8 |     0 |     0 |     0 |     1 |     0 |     2 |
| X1Y5              |     5 |    24 |     0 |     0 |     0 |     0 |     0 |     0 |     0 |     0 |     0 |     0 |     0 |     0 |
| X2Y5              |     3 |    24 |     0 |    24 |     0 |     4 |     0 |     8 |     0 |     0 |     0 |     1 |     0 |     2 |
| X3Y5              |     0 |    24 |     0 |     4 |     0 |     0 |     0 |     0 |     0 |    24 |     0 |     0 |     0 |     0 |
+-------------------+-------+-------+-------+-------+-------+-------+-------+-------+-------+-------+-------+-------+-------+-------+
* Global Clock column represents track count; while other columns represents cell counts


5. Clock Regions : Load Primitives
----------------------------------

+-------------------+------------------+------------------+------------------+------------------+------------------+------------------+------------------+------------------+
|                   |   Global Clock   |        FF        |      LUTRAM      |  Block RAM (18K) |       URAM       |        DSP       |        GT        |      HARD IP     |
+-------------------+--------+---------+--------+---------+--------+---------+--------+---------+--------+---------+--------+---------+--------+---------+--------+---------+
| Clock Region Name | Used   | Avail   | Used   | Avail   | Used   | Avail   | Used   | Avail   | Used   | Avail   | Used   | Avail   | Used   | Avail   | Used   | Avail   |
+-------------------+--------+---------+--------+---------+--------+---------+--------+---------+--------+---------+--------+---------+--------+---------+--------+---------+
| X0Y0              |      0 |       0 |      0 |       0 |      0 |       0 |      0 |       0 |      0 |       0 |      0 |       0 |      0 |       0 |      0 |       0 |
| X1Y0              |      0 |      24 |      0 |   17280 |      0 |    4320 |      0 |      24 |      0 |      16 |      0 |      96 |      0 |       0 |      0 |       0 |
| X2Y0              |      0 |      24 |      0 |   22080 |      0 |    5760 |      0 |      24 |      0 |       0 |      0 |     120 |      0 |       0 |      0 |       0 |
| X3Y0              |      0 |      24 |      0 |   22080 |      0 |    3360 |      0 |      48 |      0 |       0 |      0 |      48 |      0 |       4 |      0 |       1 |
| X0Y1              |      0 |       0 |      0 |       0 |      0 |       0 |      0 |       0 |      0 |       0 |      0 |       0 |      0 |       0 |      0 |       0 |
| X1Y1              |      2 |      24 |    113 |   17280 |     49 |    4320 |      0 |      24 |      0 |      16 |      5 |      96 |      0 |       0 |      0 |       0 |
| X2Y1              |      2 |      24 |   1819 |   22080 |    596 |    5760 |      0 |      24 |      0 |       0 |     26 |     120 |      0 |       0 |      0 |       0 |
| X3Y1              |      2 |      24 |    299 |   22080 |     95 |    3360 |      0 |      48 |      0 |       0 |      3 |      48 |      0 |       4 |      0 |       1 |
| X0Y2              |      0 |       0 |      0 |       0 |      0 |       0 |      0 |       0 |      0 |       0 |      0 |       0 |      0 |       0 |      0 |       0 |
| X1Y2              |      3 |      24 |   2146 |   17280 |    382 |    4320 |      0 |      24 |      0 |      16 |     40 |      96 |      0 |       0 |      0 |       0 |
| X2Y2              |      3 |      24 |   7379 |   22080 |   1650 |    5760 |      0 |      24 |      0 |       0 |     59 |     120 |      0 |       0 |      0 |       0 |
| X3Y2              |      2 |      24 |   1016 |   22080 |    300 |    3360 |      0 |      48 |      0 |       0 |     11 |      48 |      0 |       4 |      0 |       0 |
| X0Y3              |      0 |       0 |      0 |       0 |      0 |       0 |      0 |       0 |      0 |       0 |      0 |       0 |      0 |       0 |      0 |       0 |
| X1Y3              |      5 |      24 |   3661 |   17280 |      0 |    4320 |      0 |      24 |      0 |      16 |     37 |      96 |      0 |       0 |      0 |       0 |
| X2Y3              |      5 |      24 |   7438 |   22080 |      0 |    5760 |      0 |      24 |      0 |       0 |     42 |     120 |      0 |       0 |      0 |       0 |
| X3Y3              |      4 |      24 |   2406 |   22080 |      0 |    3360 |      0 |      48 |      0 |       0 |     11 |      48 |      0 |       4 |      0 |       0 |
| X0Y4              |      4 |      24 |   5465 |   40320 |      0 |    9120 |      0 |      24 |      0 |       0 |      0 |      48 |      0 |       0 |      0 |       0 |
| X1Y4              |      5 |      24 |   6866 |   23040 |      0 |    5760 |      0 |      24 |      0 |      16 |      2 |     120 |      0 |       0 |      0 |       0 |
| X2Y4              |      4 |      24 |     66 |   22080 |      0 |    5760 |      0 |      24 |      0 |       0 |      0 |     120 |      0 |       0 |      0 |       0 |
| X3Y4              |      4 |      24 |    137 |   22080 |      0 |    3360 |      0 |      48 |      0 |       0 |      0 |      48 |      0 |       4 |      0 |       0 |
| X0Y5              |      3 |      24 |    356 |   40320 |      0 |    9120 |      0 |      24 |      0 |       0 |      0 |      48 |      0 |       0 |      0 |       0 |
| X1Y5              |      5 |      24 |   3280 |   23040 |      0 |    5760 |      0 |      24 |      0 |      16 |      0 |     120 |      0 |       0 |      0 |       0 |
| X2Y5              |      3 |      24 |      1 |   22080 |      0 |    5760 |      0 |      24 |      0 |       0 |      0 |     120 |      0 |       0 |      0 |       0 |
| X3Y5              |      0 |      24 |      0 |   22080 |      0 |    3360 |      0 |      48 |      0 |       0 |      0 |      48 |      0 |       4 |      0 |       0 |
+-------------------+--------+---------+--------+---------+--------+---------+--------+---------+--------+---------+--------+---------+--------+---------+--------+---------+
* Global Clock column represents track count; while other columns represents cell counts


6. Clock Regions : Global Clock Summary
---------------------------------------

All Modules
+----+----+----+----+----+
|    | X0 | X1 | X2 | X3 |
+----+----+----+----+----+
| Y5 |  3 |  5 |  3 |  0 |
| Y4 |  5 |  5 |  6 |  4 |
| Y3 |  0 |  5 |  5 |  4 |
| Y2 |  0 |  3 |  3 |  2 |
| Y1 |  0 |  2 |  2 |  2 |
| Y0 |  0 |  0 |  0 |  0 |
+----+----+----+----+----+


7. Clock Regions : Routing Resource Utilization
-----------------------------------------------

All Modules
+-------------------+----------------------+----------------------+----------------------+----------------------+
|                   |        HROUTES       |        HDISTRS       |        VROUTES       |        VDISTRS       |
+-------------------+------+-------+-------+------+-------+-------+------+-------+-------+------+-------+-------+
| Clock Region Name | Used | Avail | Util% | Used | Avail | Util% | Used | Avail | Util% | Used | Avail | Util% |
+-------------------+------+-------+-------+------+-------+-------+------+-------+-------+------+-------+-------+
| X0Y0              |    0 |     0 |  0.00 |    0 |     0 |  0.00 |    0 |     0 |  0.00 |    0 |     0 |  0.00 |
| X1Y0              |    0 |    24 |  0.00 |    0 |    24 |  0.00 |    0 |    24 |  0.00 |    0 |    24 |  0.00 |
| X2Y0              |    0 |    24 |  0.00 |    0 |    24 |  0.00 |    0 |    24 |  0.00 |    0 |    24 |  0.00 |
| X3Y0              |    0 |    24 |  0.00 |    0 |    24 |  0.00 |    0 |    24 |  0.00 |    0 |    24 |  0.00 |
| X0Y1              |    0 |     0 |  0.00 |    0 |     0 |  0.00 |    0 |     0 |  0.00 |    0 |     0 |  0.00 |
| X1Y1              |    0 |    24 |  0.00 |    2 |    24 |  8.33 |    0 |    24 |  0.00 |    1 |    24 |  4.17 |
| X2Y1              |    0 |    24 |  0.00 |    2 |    24 |  8.33 |    0 |    24 |  0.00 |    1 |    24 |  4.17 |
| X3Y1              |    0 |    24 |  0.00 |    2 |    24 |  8.33 |    0 |    24 |  0.00 |    0 |    24 |  0.00 |
| X0Y2              |    0 |     0 |  0.00 |    0 |     0 |  0.00 |    0 |     0 |  0.00 |    0 |     0 |  0.00 |
| X1Y2              |    0 |    24 |  0.00 |    3 |    24 | 12.50 |    0 |    24 |  0.00 |    1 |    24 |  4.17 |
| X2Y2              |    0 |    24 |  0.00 |    3 |    24 | 12.50 |    0 |    24 |  0.00 |    2 |    24 |  8.33 |
| X3Y2              |    0 |    24 |  0.00 |    2 |    24 |  8.33 |    0 |    24 |  0.00 |    0 |    24 |  0.00 |
| X0Y3              |    0 |     0 |  0.00 |    0 |     0 |  0.00 |    0 |     0 |  0.00 |    0 |     0 |  0.00 |
| X1Y3              |    0 |    24 |  0.00 |    5 |    24 | 20.83 |    1 |    24 |  4.17 |    1 |    24 |  4.17 |
| X2Y3              |    0 |    24 |  0.00 |    5 |    24 | 20.83 |    0 |    24 |  0.00 |    4 |    24 | 16.67 |
| X3Y3              |    0 |    24 |  0.00 |    4 |    24 | 16.67 |    0 |    24 |  0.00 |    0 |    24 |  0.00 |
| X0Y4              |    5 |    24 | 20.83 |    4 |    24 | 16.67 |    0 |    24 |  0.00 |    2 |    24 |  8.33 |
| X1Y4              |    5 |    24 | 20.83 |    5 |    24 | 20.83 |    1 |    24 |  4.17 |    2 |    24 |  8.33 |
| X2Y4              |    1 |    24 |  4.17 |    4 |    24 | 16.67 |    0 |    24 |  0.00 |    3 |    24 | 12.50 |
| X3Y4              |    0 |    24 |  0.00 |    4 |    24 | 16.67 |    0 |    24 |  0.00 |    0 |    24 |  0.00 |
| X0Y5              |    0 |    24 |  0.00 |    3 |    24 | 12.50 |    0 |    24 |  0.00 |    0 |    24 |  0.00 |
| X1Y5              |    0 |    24 |  0.00 |    5 |    24 | 20.83 |    0 |    24 |  0.00 |    0 |    24 |  0.00 |
| X2Y5              |    0 |    24 |  0.00 |    3 |    24 | 12.50 |    0 |    24 |  0.00 |    0 |    24 |  0.00 |
| X3Y5              |    0 |    24 |  0.00 |    0 |    24 |  0.00 |    0 |    24 |  0.00 |    0 |    24 |  0.00 |
+-------------------+------+-------+-------+------+-------+-------+------+-------+-------+------+-------+-------+


8. Device Cell Placement Summary for Global Clock g0
----------------------------------------------------

+-----------+-----------------+-------------------+---------------+-------------+---------------+----------+-------------+----------+----------------+----------+-----------------------+
| Global Id | Driver Type/Pin | Driver Region (D) | Clock         | Period (ns) | Waveform (ns) | Root (R) | Slice Loads | IO Loads | Clocking Loads | GT Loads | Net                   |
+-----------+-----------------+-------------------+---------------+-------------+---------------+----------+-------------+----------+----------------+----------+-----------------------+
| g0        | BUFGCE/O        | X2Y3              | clk_clk_wiz_0 |       9.999 | {0.000 4.999} | X2Y3     |       45298 |        0 |              0 |        0 | U_CLK_WIZARD/inst/clk |
+-----------+-----------------+-------------------+---------------+-------------+---------------+----------+-------------+----------+----------------+----------+-----------------------+
* Slice Loads column represents load cell count of all cell types other than IO, GT and clock resources
** IO Loads column represents load cell count of IO types
*** Clocking Loads column represents load cell count that are clock resources (global clock buffer, MMCM, PLL, etc)
**** GT Loads column represents load cell count of GT types


+----+-------+-------+--------------+-------+-----------------------+
|    | X0    | X1    | X2           | X3    | HORIZONTAL PROG DELAY |
+----+-------+-------+--------------+-------+-----------------------+
| Y5 |   240 |  3064 |            0 |     0 |                     1 |
| Y4 |  5465 |  6868 |           66 |    12 |                     2 |
| Y3 |     0 |  3698 | (R) (D) 7480 |  2417 |                     2 |
| Y2 |     0 |  2568 |         9088 |  1327 |                     1 |
| Y1 |     0 |   167 |         2441 |   397 |                     0 |
| Y0 |     0 |     0 |            0 |     0 |                     0 |
+----+-------+-------+--------------+-------+-----------------------+


9. Device Cell Placement Summary for Global Clock g1
----------------------------------------------------

+-----------+-----------------+-------------------+-------+-------------+---------------+----------+-------------+----------+----------------+----------+-------------+
| Global Id | Driver Type/Pin | Driver Region (D) | Clock | Period (ns) | Waveform (ns) | Root (R) | Slice Loads | IO Loads | Clocking Loads | GT Loads | Net         |
+-----------+-----------------+-------------------+-------+-------------+---------------+----------+-------------+----------+----------------+----------+-------------+
| g1        | BUFGCE/O        | X2Y4              |       |             |               | X0Y4     |       13397 |        0 |              0 |        0 | w_done_BUFG |
+-----------+-----------------+-------------------+-------+-------------+---------------+----------+-------------+----------+----------------+----------+-------------+
* Slice Loads column represents load cell count of all cell types other than IO, GT and clock resources
** IO Loads column represents load cell count of IO types
*** Clocking Loads column represents load cell count that are clock resources (global clock buffer, MMCM, PLL, etc)
**** GT Loads column represents load cell count of GT types


+----+----------+-------+--------+----+-----------------------+
|    | X0       | X1    | X2     | X3 | HORIZONTAL PROG DELAY |
+----+----------+-------+--------+----+-----------------------+
| Y5 |        0 |  2813 |      0 |  0 |                     0 |
| Y4 | (R) 4937 |  5647 |  (D) 0 |  0 |                     0 |
| Y3 |        0 |     0 |      0 |  0 |                     0 |
| Y2 |        0 |     0 |      0 |  0 |                     0 |
| Y1 |        0 |     0 |      0 |  0 |                     0 |
| Y0 |        0 |     0 |      0 |  0 |                     0 |
+----+----------+-------+--------+----+-----------------------+


10. Device Cell Placement Summary for Global Clock g2
-----------------------------------------------------

+-----------+-----------------+-------------------+-----------------------------------------------------------------------------------------------------+-------------+----------------+----------+-------------+----------+----------------+----------+----------------------------------------+
| Global Id | Driver Type/Pin | Driver Region (D) | Clock                                                                                               | Period (ns) | Waveform (ns)  | Root (R) | Slice Loads | IO Loads | Clocking Loads | GT Loads | Net                                    |
+-----------+-----------------+-------------------+-----------------------------------------------------------------------------------------------------+-------------+----------------+----------+-------------+----------+----------------+----------+----------------------------------------+
| g2        | BUFGCE/O        | X0Y4              | dbg_hub/inst/BSCANID.u_xsdbm_id/SWITCH_N_EXT_BSCAN.bscan_inst/SERIES7_BSCAN.bscan_inst/INTERNAL_TCK |      50.000 | {0.000 25.000} | X1Y4     |         458 |        0 |              0 |        0 | dbg_hub/inst/BSCANID.u_xsdbm_id/itck_i |
+-----------+-----------------+-------------------+-----------------------------------------------------------------------------------------------------+-------------+----------------+----------+-------------+----------+----------------+----------+----------------------------------------+
* Slice Loads column represents load cell count of all cell types other than IO, GT and clock resources
** IO Loads column represents load cell count of IO types
*** Clocking Loads column represents load cell count that are clock resources (global clock buffer, MMCM, PLL, etc)
**** GT Loads column represents load cell count of GT types


+----+--------+-------+----+------+-----------------------+
|    | X0     | X1    | X2 | X3   | HORIZONTAL PROG DELAY |
+----+--------+-------+----+------+-----------------------+
| Y5 |    116 |   216 |  1 |    0 |                     0 |
| Y4 |  (D) 0 | (R) 0 |  0 |  125 |                     0 |
| Y3 |      0 |     0 |  0 |    0 |                     0 |
| Y2 |      0 |     0 |  0 |    0 |                     0 |
| Y1 |      0 |     0 |  0 |    0 |                     0 |
| Y0 |      0 |     0 |  0 |    0 |                     0 |
+----+--------+-------+----+------+-----------------------+


11. Device Cell Placement Summary for Global Clock g3
-----------------------------------------------------

+-----------+-----------------+-------------------+-------+-------------+---------------+----------+-------------+----------+----------------+----------+----------------------------------------------+
| Global Id | Driver Type/Pin | Driver Region (D) | Clock | Period (ns) | Waveform (ns) | Root (R) | Slice Loads | IO Loads | Clocking Loads | GT Loads | Net                                          |
+-----------+-----------------+-------------------+-------+-------------+---------------+----------+-------------+----------+----------------+----------+----------------------------------------------+
| g3        | BUFGCE/O        | X2Y3              |       |             |               | X2Y3     |        1024 |        0 |              0 |        0 | U_FFT_TOP/MODULE_1/MOD1_2/U_CU_MOD12/w_bf_en |
+-----------+-----------------+-------------------+-------+-------------+---------------+----------+-------------+----------+----------------+----------+----------------------------------------------+
* Slice Loads column represents load cell count of all cell types other than IO, GT and clock resources
** IO Loads column represents load cell count of IO types
*** Clocking Loads column represents load cell count that are clock resources (global clock buffer, MMCM, PLL, etc)
**** GT Loads column represents load cell count of GT types


+----+----+------+-------------+----+-----------------------+
|    | X0 | X1   | X2          | X3 | HORIZONTAL PROG DELAY |
+----+----+------+-------------+----+-----------------------+
| Y5 |  0 |    0 |           0 |  0 |                     0 |
| Y4 |  0 |    0 |           0 |  0 |                     0 |
| Y3 |  0 |  224 | (R) (D) 608 |  0 |                     0 |
| Y2 |  0 |  192 |           0 |  0 |                     0 |
| Y1 |  0 |    0 |           0 |  0 |                     0 |
| Y0 |  0 |    0 |           0 |  0 |                     0 |
+----+----+------+-------------+----+-----------------------+


12. Device Cell Placement Summary for Global Clock g4
-----------------------------------------------------

+-----------+-----------------+-------------------+-------+-------------+---------------+----------+-------------+----------+----------------+----------+------------------------------------------------+
| Global Id | Driver Type/Pin | Driver Region (D) | Clock | Period (ns) | Waveform (ns) | Root (R) | Slice Loads | IO Loads | Clocking Loads | GT Loads | Net                                            |
+-----------+-----------------+-------------------+-------+-------------+---------------+----------+-------------+----------+----------------+----------+------------------------------------------------+
| g4        | BUFGCE/O        | X2Y4              |       |             |               | X2Y4     |        1088 |        0 |              0 |        0 | U_FFT_TOP/MODULE_2/MOD2_1/alert_mod21_reg_0[0] |
+-----------+-----------------+-------------------+-------+-------------+---------------+----------+-------------+----------+----------------+----------+------------------------------------------------+
* Slice Loads column represents load cell count of all cell types other than IO, GT and clock resources
** IO Loads column represents load cell count of IO types
*** Clocking Loads column represents load cell count that are clock resources (global clock buffer, MMCM, PLL, etc)
**** GT Loads column represents load cell count of GT types


+----+----+------+-----------+------+-----------------------+
|    | X0 | X1   | X2        | X3   | HORIZONTAL PROG DELAY |
+----+----+------+-----------+------+-----------------------+
| Y5 |  0 |    0 |         0 |    0 |                     0 |
| Y4 |  0 |    0 | (R) (D) 0 |    0 |                     0 |
| Y3 |  0 |  408 |       578 |  102 |                     0 |
| Y2 |  0 |    0 |         0 |    0 |                     0 |
| Y1 |  0 |    0 |         0 |    0 |                     0 |
| Y0 |  0 |    0 |         0 |    0 |                     0 |
+----+----+------+-----------+------+-----------------------+


13. Device Cell Placement Summary for Global Clock g5
-----------------------------------------------------

+-----------+-----------------+-------------------+-------+-------------+---------------+----------+-------------+----------+----------------+----------+-------------------------------------------+
| Global Id | Driver Type/Pin | Driver Region (D) | Clock | Period (ns) | Waveform (ns) | Root (R) | Slice Loads | IO Loads | Clocking Loads | GT Loads | Net                                       |
+-----------+-----------------+-------------------+-------+-------------+---------------+----------+-------------+----------+----------------+----------+-------------------------------------------+
| g5        | BUFGCE/O        | X2Y4              |       |             |               | X2Y4     |       13312 |        0 |              0 |        0 | U_FFT_TOP/TOP_CBFP_REORDER/U_REORDER/E[0] |
+-----------+-----------------+-------------------+-------+-------------+---------------+----------+-------------+----------+----------------+----------+-------------------------------------------+
* Slice Loads column represents load cell count of all cell types other than IO, GT and clock resources
** IO Loads column represents load cell count of IO types
*** Clocking Loads column represents load cell count that are clock resources (global clock buffer, MMCM, PLL, etc)
**** GT Loads column represents load cell count of GT types


+----+-------+-------+------------+-----+-----------------------+
|    | X0    | X1    | X2         | X3  | HORIZONTAL PROG DELAY |
+----+-------+-------+------------+-----+-----------------------+
| Y5 |     0 |  2630 |          0 |   0 |                     0 |
| Y4 |  4665 |  5195 | (R) (D) 59 |  12 |                     0 |
| Y3 |     0 |   318 |        383 |  50 |                     0 |
| Y2 |     0 |     0 |          0 |   0 |                     0 |
| Y1 |     0 |     0 |          0 |   0 |                     0 |
| Y0 |     0 |     0 |          0 |   0 |                     0 |
+----+-------+-------+------------+-----+-----------------------+


14. Device Cell Placement Summary for Global Clock g6
-----------------------------------------------------

+-----------+-----------------+-------------------+-------+-------------+---------------+----------+-------------+----------+----------------+----------+----------------+
| Global Id | Driver Type/Pin | Driver Region (D) | Clock | Period (ns) | Waveform (ns) | Root (R) | Slice Loads | IO Loads | Clocking Loads | GT Loads | Net            |
+-----------+-----------------+-------------------+-------+-------------+---------------+----------+-------------+----------+----------------+----------+----------------+
| g6        | BUFGCE/O        | X0Y4              |       |             |               | X1Y3     |       49577 |        0 |              1 |        0 | rstn_IBUF_BUFG |
+-----------+-----------------+-------------------+-------+-------------+---------------+----------+-------------+----------+----------------+----------+----------------+
* Slice Loads column represents load cell count of all cell types other than IO, GT and clock resources
** IO Loads column represents load cell count of IO types
*** Clocking Loads column represents load cell count that are clock resources (global clock buffer, MMCM, PLL, etc)
**** GT Loads column represents load cell count of GT types


+----+-----------+----------+-------+-------+-----------------------+
|    | X0        | X1       | X2    | X3    | HORIZONTAL PROG DELAY |
+----+-----------+----------+-------+-------+-----------------------+
| Y5 |         0 |     5522 |     0 |     0 |                     0 |
| Y4 |  (D) 9736 |    11043 |    66 |    12 |                     0 |
| Y3 |         0 | (R) 3661 |  7439 |  2406 |                     0 |
| Y2 |         0 |     1764 |  5722 |   716 |                     0 |
| Y1 |         0 |       64 |  1223 |   204 |                     0 |
| Y0 |         0 |        0 |     0 |     0 |                     0 |
+----+-----------+----------+-------+-------+-----------------------+


15. Clock Region Cell Placement per Global Clock: Region X1Y1
-------------------------------------------------------------

+-----------+-------+-----------------+------------+-------------+-----------------+-----+--------+------+------+-----+----+------+-----+---------+-----------------------+
| Global Id | Track | Driver Type/Pin | Constraint | Clock Loads | Non-Clock Loads | FF  | LUTRAM | RAMB | URAM | DSP | GT | MMCM | PLL | Hard IP | Net                   |
+-----------+-------+-----------------+------------+-------------+-----------------+-----+--------+------+------+-----+----+------+-----+---------+-----------------------+
| g0        | 16    | BUFGCE/O        | None       |         167 |               0 | 113 |     49 |    0 |    0 |   5 |  0 |    0 |   0 |       0 | U_CLK_WIZARD/inst/clk |
| g6        | 1     | BUFGCE/O        | None       |           0 |              64 |  64 |      0 |    0 |    0 |   0 |  0 |    0 |   0 |       0 | rstn_IBUF_BUFG        |
+-----------+-------+-----------------+------------+-------------+-----------------+-----+--------+------+------+-----+----+------+-----+---------+-----------------------+
* Clock Loads column represents the clock pin loads (pin count)
** Non-Clock Loads column represents the non-clock pin loads (pin count)
*** Columns FF, LUTRAM, RAMB through 'Hard IP' represents load cell counts


16. Clock Region Cell Placement per Global Clock: Region X2Y1
-------------------------------------------------------------

+-----------+-------+-----------------+------------+-------------+-----------------+------+--------+------+------+-----+----+------+-----+---------+-----------------------+
| Global Id | Track | Driver Type/Pin | Constraint | Clock Loads | Non-Clock Loads | FF   | LUTRAM | RAMB | URAM | DSP | GT | MMCM | PLL | Hard IP | Net                   |
+-----------+-------+-----------------+------------+-------------+-----------------+------+--------+------+------+-----+----+------+-----+---------+-----------------------+
| g0        | 16    | BUFGCE/O        | None       |        2441 |               0 | 1819 |    596 |    0 |    0 |  26 |  0 |    0 |   0 |       0 | U_CLK_WIZARD/inst/clk |
| g6        | 1     | BUFGCE/O        | None       |           0 |            1223 | 1223 |      0 |    0 |    0 |   0 |  0 |    0 |   0 |       0 | rstn_IBUF_BUFG        |
+-----------+-------+-----------------+------------+-------------+-----------------+------+--------+------+------+-----+----+------+-----+---------+-----------------------+
* Clock Loads column represents the clock pin loads (pin count)
** Non-Clock Loads column represents the non-clock pin loads (pin count)
*** Columns FF, LUTRAM, RAMB through 'Hard IP' represents load cell counts


17. Clock Region Cell Placement per Global Clock: Region X3Y1
-------------------------------------------------------------

+-----------+-------+-----------------+------------+-------------+-----------------+-----+--------+------+------+-----+----+------+-----+---------+-----------------------+
| Global Id | Track | Driver Type/Pin | Constraint | Clock Loads | Non-Clock Loads | FF  | LUTRAM | RAMB | URAM | DSP | GT | MMCM | PLL | Hard IP | Net                   |
+-----------+-------+-----------------+------------+-------------+-----------------+-----+--------+------+------+-----+----+------+-----+---------+-----------------------+
| g0        | 16    | BUFGCE/O        | None       |         397 |               0 | 299 |     95 |    0 |    0 |   3 |  0 |    0 |   0 |       0 | U_CLK_WIZARD/inst/clk |
| g6        | 1     | BUFGCE/O        | None       |           0 |             204 | 204 |      0 |    0 |    0 |   0 |  0 |    0 |   0 |       0 | rstn_IBUF_BUFG        |
+-----------+-------+-----------------+------------+-------------+-----------------+-----+--------+------+------+-----+----+------+-----+---------+-----------------------+
* Clock Loads column represents the clock pin loads (pin count)
** Non-Clock Loads column represents the non-clock pin loads (pin count)
*** Columns FF, LUTRAM, RAMB through 'Hard IP' represents load cell counts


18. Clock Region Cell Placement per Global Clock: Region X1Y2
-------------------------------------------------------------

+-----------+-------+-----------------+------------+-------------+-----------------+------+--------+------+------+-----+----+------+-----+---------+----------------------------------------------+
| Global Id | Track | Driver Type/Pin | Constraint | Clock Loads | Non-Clock Loads | FF   | LUTRAM | RAMB | URAM | DSP | GT | MMCM | PLL | Hard IP | Net                                          |
+-----------+-------+-----------------+------------+-------------+-----------------+------+--------+------+------+-----+----+------+-----+---------+----------------------------------------------+
| g0        | 16    | BUFGCE/O        | None       |        2568 |               0 | 2146 |    382 |    0 |    0 |  40 |  0 |    0 |   0 |       0 | U_CLK_WIZARD/inst/clk                        |
| g3        | 14    | BUFGCE/O        | None       |           0 |             192 |  192 |      0 |    0 |    0 |   0 |  0 |    0 |   0 |       0 | U_FFT_TOP/MODULE_1/MOD1_2/U_CU_MOD12/w_bf_en |
| g6        | 1     | BUFGCE/O        | None       |           0 |            1764 | 1764 |      0 |    0 |    0 |   0 |  0 |    0 |   0 |       0 | rstn_IBUF_BUFG                               |
+-----------+-------+-----------------+------------+-------------+-----------------+------+--------+------+------+-----+----+------+-----+---------+----------------------------------------------+
* Clock Loads column represents the clock pin loads (pin count)
** Non-Clock Loads column represents the non-clock pin loads (pin count)
*** Columns FF, LUTRAM, RAMB through 'Hard IP' represents load cell counts


19. Clock Region Cell Placement per Global Clock: Region X2Y2
-------------------------------------------------------------

+-----------+-------+-----------------+------------+-------------+-----------------+------+--------+------+------+-----+----+------+-----+---------+----------------------------------------------+
| Global Id | Track | Driver Type/Pin | Constraint | Clock Loads | Non-Clock Loads | FF   | LUTRAM | RAMB | URAM | DSP | GT | MMCM | PLL | Hard IP | Net                                          |
+-----------+-------+-----------------+------------+-------------+-----------------+------+--------+------+------+-----+----+------+-----+---------+----------------------------------------------+
| g0        | 16    | BUFGCE/O        | None       |        9088 |               0 | 7379 |   1650 |    0 |    0 |  59 |  0 |    0 |   0 |       0 | U_CLK_WIZARD/inst/clk                        |
| g3+       | 14    | BUFGCE/O        | None       |           0 |               0 |    0 |      0 |    0 |    0 |   0 |  0 |    0 |   0 |       0 | U_FFT_TOP/MODULE_1/MOD1_2/U_CU_MOD12/w_bf_en |
| g6        | 1     | BUFGCE/O        | None       |           0 |            5722 | 5722 |      0 |    0 |    0 |   0 |  0 |    0 |   0 |       0 | rstn_IBUF_BUFG                               |
+-----------+-------+-----------------+------------+-------------+-----------------+------+--------+------+------+-----+----+------+-----+---------+----------------------------------------------+
* Clock Loads column represents the clock pin loads (pin count)
** Non-Clock Loads column represents the non-clock pin loads (pin count)
*** Columns FF, LUTRAM, RAMB through 'Hard IP' represents load cell counts
**** In Global Id column, sympbol '+' indicates that global clock was used only to route through the clock region.


20. Clock Region Cell Placement per Global Clock: Region X3Y2
-------------------------------------------------------------

+-----------+-------+-----------------+------------+-------------+-----------------+------+--------+------+------+-----+----+------+-----+---------+-----------------------+
| Global Id | Track | Driver Type/Pin | Constraint | Clock Loads | Non-Clock Loads | FF   | LUTRAM | RAMB | URAM | DSP | GT | MMCM | PLL | Hard IP | Net                   |
+-----------+-------+-----------------+------------+-------------+-----------------+------+--------+------+------+-----+----+------+-----+---------+-----------------------+
| g0        | 16    | BUFGCE/O        | None       |        1327 |               0 | 1016 |    300 |    0 |    0 |  11 |  0 |    0 |   0 |       0 | U_CLK_WIZARD/inst/clk |
| g6        | 1     | BUFGCE/O        | None       |           0 |             716 |  716 |      0 |    0 |    0 |   0 |  0 |    0 |   0 |       0 | rstn_IBUF_BUFG        |
+-----------+-------+-----------------+------------+-------------+-----------------+------+--------+------+------+-----+----+------+-----+---------+-----------------------+
* Clock Loads column represents the clock pin loads (pin count)
** Non-Clock Loads column represents the non-clock pin loads (pin count)
*** Columns FF, LUTRAM, RAMB through 'Hard IP' represents load cell counts


21. Clock Region Cell Placement per Global Clock: Region X1Y3
-------------------------------------------------------------

+-----------+-------+-----------------+------------+-------------+-----------------+------+--------+------+------+-----+----+------+-----+---------+------------------------------------------------+
| Global Id | Track | Driver Type/Pin | Constraint | Clock Loads | Non-Clock Loads | FF   | LUTRAM | RAMB | URAM | DSP | GT | MMCM | PLL | Hard IP | Net                                            |
+-----------+-------+-----------------+------------+-------------+-----------------+------+--------+------+------+-----+----+------+-----+---------+------------------------------------------------+
| g0        | 16    | BUFGCE/O        | None       |        3698 |               0 | 3661 |      0 |    0 |    0 |  37 |  0 |    0 |   0 |       0 | U_CLK_WIZARD/inst/clk                          |
| g3        | 14    | BUFGCE/O        | None       |           0 |             224 |  224 |      0 |    0 |    0 |   0 |  0 |    0 |   0 |       0 | U_FFT_TOP/MODULE_1/MOD1_2/U_CU_MOD12/w_bf_en   |
| g4        | 8     | BUFGCE/O        | None       |           0 |             408 |  408 |      0 |    0 |    0 |   0 |  0 |    0 |   0 |       0 | U_FFT_TOP/MODULE_2/MOD2_1/alert_mod21_reg_0[0] |
| g5        | 2     | BUFGCE/O        | None       |           0 |             318 |  318 |      0 |    0 |    0 |   0 |  0 |    0 |   0 |       0 | U_FFT_TOP/TOP_CBFP_REORDER/U_REORDER/E[0]      |
| g6        | 1     | BUFGCE/O        | None       |           0 |            3661 | 3661 |      0 |    0 |    0 |   0 |  0 |    0 |   0 |       0 | rstn_IBUF_BUFG                                 |
+-----------+-------+-----------------+------------+-------------+-----------------+------+--------+------+------+-----+----+------+-----+---------+------------------------------------------------+
* Clock Loads column represents the clock pin loads (pin count)
** Non-Clock Loads column represents the non-clock pin loads (pin count)
*** Columns FF, LUTRAM, RAMB through 'Hard IP' represents load cell counts


22. Clock Region Cell Placement per Global Clock: Region X2Y3
-------------------------------------------------------------

+-----------+-------+-----------------+------------+-------------+-----------------+------+--------+------+------+-----+----+------+-----+---------+------------------------------------------------+
| Global Id | Track | Driver Type/Pin | Constraint | Clock Loads | Non-Clock Loads | FF   | LUTRAM | RAMB | URAM | DSP | GT | MMCM | PLL | Hard IP | Net                                            |
+-----------+-------+-----------------+------------+-------------+-----------------+------+--------+------+------+-----+----+------+-----+---------+------------------------------------------------+
| g0        | 16    | BUFGCE/O        | None       |        7480 |               0 | 7438 |      0 |    0 |    0 |  42 |  0 |    0 |   0 |       0 | U_CLK_WIZARD/inst/clk                          |
| g3        | 14    | BUFGCE/O        | None       |           0 |             608 |  608 |      0 |    0 |    0 |   0 |  0 |    0 |   0 |       0 | U_FFT_TOP/MODULE_1/MOD1_2/U_CU_MOD12/w_bf_en   |
| g4        | 8     | BUFGCE/O        | None       |           0 |             578 |  578 |      0 |    0 |    0 |   0 |  0 |    0 |   0 |       0 | U_FFT_TOP/MODULE_2/MOD2_1/alert_mod21_reg_0[0] |
| g5        | 2     | BUFGCE/O        | None       |           0 |             383 |  383 |      0 |    0 |    0 |   0 |  0 |    0 |   0 |       0 | U_FFT_TOP/TOP_CBFP_REORDER/U_REORDER/E[0]      |
| g6        | 1     | BUFGCE/O        | None       |           0 |            7439 | 7438 |      0 |    0 |    0 |   0 |  0 |    1 |   0 |       0 | rstn_IBUF_BUFG                                 |
+-----------+-------+-----------------+------------+-------------+-----------------+------+--------+------+------+-----+----+------+-----+---------+------------------------------------------------+
* Clock Loads column represents the clock pin loads (pin count)
** Non-Clock Loads column represents the non-clock pin loads (pin count)
*** Columns FF, LUTRAM, RAMB through 'Hard IP' represents load cell counts


23. Clock Region Cell Placement per Global Clock: Region X3Y3
-------------------------------------------------------------

+-----------+-------+-----------------+------------+-------------+-----------------+------+--------+------+------+-----+----+------+-----+---------+------------------------------------------------+
| Global Id | Track | Driver Type/Pin | Constraint | Clock Loads | Non-Clock Loads | FF   | LUTRAM | RAMB | URAM | DSP | GT | MMCM | PLL | Hard IP | Net                                            |
+-----------+-------+-----------------+------------+-------------+-----------------+------+--------+------+------+-----+----+------+-----+---------+------------------------------------------------+
| g0        | 16    | BUFGCE/O        | None       |        2417 |               0 | 2406 |      0 |    0 |    0 |  11 |  0 |    0 |   0 |       0 | U_CLK_WIZARD/inst/clk                          |
| g4        | 8     | BUFGCE/O        | None       |           0 |             102 |  102 |      0 |    0 |    0 |   0 |  0 |    0 |   0 |       0 | U_FFT_TOP/MODULE_2/MOD2_1/alert_mod21_reg_0[0] |
| g5        | 2     | BUFGCE/O        | None       |           0 |              50 |   50 |      0 |    0 |    0 |   0 |  0 |    0 |   0 |       0 | U_FFT_TOP/TOP_CBFP_REORDER/U_REORDER/E[0]      |
| g6        | 1     | BUFGCE/O        | None       |           0 |            2406 | 2406 |      0 |    0 |    0 |   0 |  0 |    0 |   0 |       0 | rstn_IBUF_BUFG                                 |
+-----------+-------+-----------------+------------+-------------+-----------------+------+--------+------+------+-----+----+------+-----+---------+------------------------------------------------+
* Clock Loads column represents the clock pin loads (pin count)
** Non-Clock Loads column represents the non-clock pin loads (pin count)
*** Columns FF, LUTRAM, RAMB through 'Hard IP' represents load cell counts


24. Clock Region Cell Placement per Global Clock: Region X0Y4
-------------------------------------------------------------

+-----------+-------+-----------------+------------+-------------+-----------------+------+--------+------+------+-----+----+------+-----+---------+-------------------------------------------+
| Global Id | Track | Driver Type/Pin | Constraint | Clock Loads | Non-Clock Loads | FF   | LUTRAM | RAMB | URAM | DSP | GT | MMCM | PLL | Hard IP | Net                                       |
+-----------+-------+-----------------+------------+-------------+-----------------+------+--------+------+------+-----+----+------+-----+---------+-------------------------------------------+
| g0        | 16    | BUFGCE/O        | None       |        5465 |               0 | 5465 |      0 |    0 |    0 |   0 |  0 |    0 |   0 |       0 | U_CLK_WIZARD/inst/clk                     |
| g1        | 0     | BUFGCE/O        | None       |        4876 |              61 |    0 |      0 |    0 |    0 |   0 |  0 |    0 |   0 |       0 | w_done_BUFG                               |
| g2+       | 23    | BUFGCE/O        | None       |           0 |               0 |    0 |      0 |    0 |    0 |   0 |  0 |    0 |   0 |       0 | dbg_hub/inst/BSCANID.u_xsdbm_id/itck_i    |
| g5        | 2     | BUFGCE/O        | None       |           0 |            4665 | 4665 |      0 |    0 |    0 |   0 |  0 |    0 |   0 |       0 | U_FFT_TOP/TOP_CBFP_REORDER/U_REORDER/E[0] |
| g6        | 1     | BUFGCE/O        | None       |           0 |            9736 | 4860 |      0 |    0 |    0 |   0 |  0 |    0 |   0 |       0 | rstn_IBUF_BUFG                            |
+-----------+-------+-----------------+------------+-------------+-----------------+------+--------+------+------+-----+----+------+-----+---------+-------------------------------------------+
* Clock Loads column represents the clock pin loads (pin count)
** Non-Clock Loads column represents the non-clock pin loads (pin count)
*** Columns FF, LUTRAM, RAMB through 'Hard IP' represents load cell counts
**** In Global Id column, sympbol '+' indicates that global clock was used only to route through the clock region.


25. Clock Region Cell Placement per Global Clock: Region X1Y4
-------------------------------------------------------------

+-----------+-------+-----------------+------------+-------------+-----------------+------+--------+------+------+-----+----+------+-----+---------+-------------------------------------------+
| Global Id | Track | Driver Type/Pin | Constraint | Clock Loads | Non-Clock Loads | FF   | LUTRAM | RAMB | URAM | DSP | GT | MMCM | PLL | Hard IP | Net                                       |
+-----------+-------+-----------------+------------+-------------+-----------------+------+--------+------+------+-----+----+------+-----+---------+-------------------------------------------+
| g0        | 16    | BUFGCE/O        | None       |        6868 |               0 | 6866 |      0 |    0 |    0 |   2 |  0 |    0 |   0 |       0 | U_CLK_WIZARD/inst/clk                     |
| g1        | 0     | BUFGCE/O        | None       |        5624 |              23 |    0 |      0 |    0 |    0 |   0 |  0 |    0 |   0 |       0 | w_done_BUFG                               |
| g2+       | 23    | BUFGCE/O        | None       |           0 |               0 |    0 |      0 |    0 |    0 |   0 |  0 |    0 |   0 |       0 | dbg_hub/inst/BSCANID.u_xsdbm_id/itck_i    |
| g5        | 2     | BUFGCE/O        | None       |           0 |            5195 | 5195 |      0 |    0 |    0 |   0 |  0 |    0 |   0 |       0 | U_FFT_TOP/TOP_CBFP_REORDER/U_REORDER/E[0] |
| g6        | 1     | BUFGCE/O        | None       |           0 |           11043 | 5419 |      0 |    0 |    0 |   0 |  0 |    0 |   0 |       0 | rstn_IBUF_BUFG                            |
+-----------+-------+-----------------+------------+-------------+-----------------+------+--------+------+------+-----+----+------+-----+---------+-------------------------------------------+
* Clock Loads column represents the clock pin loads (pin count)
** Non-Clock Loads column represents the non-clock pin loads (pin count)
*** Columns FF, LUTRAM, RAMB through 'Hard IP' represents load cell counts
**** In Global Id column, sympbol '+' indicates that global clock was used only to route through the clock region.


26. Clock Region Cell Placement per Global Clock: Region X2Y4
-------------------------------------------------------------

+-----------+-------+-----------------+------------+-------------+-----------------+----+--------+------+------+-----+----+------+-----+---------+------------------------------------------------+
| Global Id | Track | Driver Type/Pin | Constraint | Clock Loads | Non-Clock Loads | FF | LUTRAM | RAMB | URAM | DSP | GT | MMCM | PLL | Hard IP | Net                                            |
+-----------+-------+-----------------+------------+-------------+-----------------+----+--------+------+------+-----+----+------+-----+---------+------------------------------------------------+
| g0        | 16    | BUFGCE/O        | None       |          66 |               0 | 66 |      0 |    0 |    0 |   0 |  0 |    0 |   0 |       0 | U_CLK_WIZARD/inst/clk                          |
| g1+       | 0     | BUFGCE/O        | None       |           0 |               0 |  0 |      0 |    0 |    0 |   0 |  0 |    0 |   0 |       0 | w_done_BUFG                                    |
| g2+       | 23    | BUFGCE/O        | None       |           0 |               0 |  0 |      0 |    0 |    0 |   0 |  0 |    0 |   0 |       0 | dbg_hub/inst/BSCANID.u_xsdbm_id/itck_i         |
| g4+       | 8     | BUFGCE/O        | None       |           0 |               0 |  0 |      0 |    0 |    0 |   0 |  0 |    0 |   0 |       0 | U_FFT_TOP/MODULE_2/MOD2_1/alert_mod21_reg_0[0] |
| g5        | 2     | BUFGCE/O        | None       |           0 |              59 | 59 |      0 |    0 |    0 |   0 |  0 |    0 |   0 |       0 | U_FFT_TOP/TOP_CBFP_REORDER/U_REORDER/E[0]      |
| g6        | 1     | BUFGCE/O        | None       |           0 |              66 | 66 |      0 |    0 |    0 |   0 |  0 |    0 |   0 |       0 | rstn_IBUF_BUFG                                 |
+-----------+-------+-----------------+------------+-------------+-----------------+----+--------+------+------+-----+----+------+-----+---------+------------------------------------------------+
* Clock Loads column represents the clock pin loads (pin count)
** Non-Clock Loads column represents the non-clock pin loads (pin count)
*** Columns FF, LUTRAM, RAMB through 'Hard IP' represents load cell counts
**** In Global Id column, sympbol '+' indicates that global clock was used only to route through the clock region.


27. Clock Region Cell Placement per Global Clock: Region X3Y4
-------------------------------------------------------------

+-----------+-------+-----------------+------------+-------------+-----------------+-----+--------+------+------+-----+----+------+-----+---------+-------------------------------------------+
| Global Id | Track | Driver Type/Pin | Constraint | Clock Loads | Non-Clock Loads | FF  | LUTRAM | RAMB | URAM | DSP | GT | MMCM | PLL | Hard IP | Net                                       |
+-----------+-------+-----------------+------------+-------------+-----------------+-----+--------+------+------+-----+----+------+-----+---------+-------------------------------------------+
| g0        | 16    | BUFGCE/O        | None       |          12 |               0 |  12 |      0 |    0 |    0 |   0 |  0 |    0 |   0 |       0 | U_CLK_WIZARD/inst/clk                     |
| g2        | 23    | BUFGCE/O        | None       |         125 |               0 | 125 |      0 |    0 |    0 |   0 |  0 |    0 |   0 |       0 | dbg_hub/inst/BSCANID.u_xsdbm_id/itck_i    |
| g5        | 2     | BUFGCE/O        | None       |           0 |              12 |  12 |      0 |    0 |    0 |   0 |  0 |    0 |   0 |       0 | U_FFT_TOP/TOP_CBFP_REORDER/U_REORDER/E[0] |
| g6        | 1     | BUFGCE/O        | None       |           0 |              12 |  12 |      0 |    0 |    0 |   0 |  0 |    0 |   0 |       0 | rstn_IBUF_BUFG                            |
+-----------+-------+-----------------+------------+-------------+-----------------+-----+--------+------+------+-----+----+------+-----+---------+-------------------------------------------+
* Clock Loads column represents the clock pin loads (pin count)
** Non-Clock Loads column represents the non-clock pin loads (pin count)
*** Columns FF, LUTRAM, RAMB through 'Hard IP' represents load cell counts


28. Clock Region Cell Placement per Global Clock: Region X0Y5
-------------------------------------------------------------

+-----------+-------+-----------------+------------+-------------+-----------------+-----+--------+------+------+-----+----+------+-----+---------+----------------------------------------+
| Global Id | Track | Driver Type/Pin | Constraint | Clock Loads | Non-Clock Loads | FF  | LUTRAM | RAMB | URAM | DSP | GT | MMCM | PLL | Hard IP | Net                                    |
+-----------+-------+-----------------+------------+-------------+-----------------+-----+--------+------+------+-----+----+------+-----+---------+----------------------------------------+
| g0        | 16    | BUFGCE/O        | None       |         240 |               0 | 240 |      0 |    0 |    0 |   0 |  0 |    0 |   0 |       0 | U_CLK_WIZARD/inst/clk                  |
| g1+       | 0     | BUFGCE/O        | None       |           0 |               0 |   0 |      0 |    0 |    0 |   0 |  0 |    0 |   0 |       0 | w_done_BUFG                            |
| g2        | 23    | BUFGCE/O        | None       |         116 |               0 | 116 |      0 |    0 |    0 |   0 |  0 |    0 |   0 |       0 | dbg_hub/inst/BSCANID.u_xsdbm_id/itck_i |
+-----------+-------+-----------------+------------+-------------+-----------------+-----+--------+------+------+-----+----+------+-----+---------+----------------------------------------+
* Clock Loads column represents the clock pin loads (pin count)
** Non-Clock Loads column represents the non-clock pin loads (pin count)
*** Columns FF, LUTRAM, RAMB through 'Hard IP' represents load cell counts
**** In Global Id column, sympbol '+' indicates that global clock was used only to route through the clock region.


29. Clock Region Cell Placement per Global Clock: Region X1Y5
-------------------------------------------------------------

+-----------+-------+-----------------+------------+-------------+-----------------+------+--------+------+------+-----+----+------+-----+---------+-------------------------------------------+
| Global Id | Track | Driver Type/Pin | Constraint | Clock Loads | Non-Clock Loads | FF   | LUTRAM | RAMB | URAM | DSP | GT | MMCM | PLL | Hard IP | Net                                       |
+-----------+-------+-----------------+------------+-------------+-----------------+------+--------+------+------+-----+----+------+-----+---------+-------------------------------------------+
| g0        | 16    | BUFGCE/O        | None       |        3064 |               0 | 3064 |      0 |    0 |    0 |   0 |  0 |    0 |   0 |       0 | U_CLK_WIZARD/inst/clk                     |
| g1        | 0     | BUFGCE/O        | None       |        2812 |               1 |    0 |      0 |    0 |    0 |   0 |  0 |    0 |   0 |       0 | w_done_BUFG                               |
| g2        | 23    | BUFGCE/O        | None       |         216 |               0 |  216 |      0 |    0 |    0 |   0 |  0 |    0 |   0 |       0 | dbg_hub/inst/BSCANID.u_xsdbm_id/itck_i    |
| g5        | 2     | BUFGCE/O        | None       |           0 |            2630 | 2630 |      0 |    0 |    0 |   0 |  0 |    0 |   0 |       0 | U_FFT_TOP/TOP_CBFP_REORDER/U_REORDER/E[0] |
| g6        | 1     | BUFGCE/O        | None       |           0 |            5522 | 2710 |      0 |    0 |    0 |   0 |  0 |    0 |   0 |       0 | rstn_IBUF_BUFG                            |
+-----------+-------+-----------------+------------+-------------+-----------------+------+--------+------+------+-----+----+------+-----+---------+-------------------------------------------+
* Clock Loads column represents the clock pin loads (pin count)
** Non-Clock Loads column represents the non-clock pin loads (pin count)
*** Columns FF, LUTRAM, RAMB through 'Hard IP' represents load cell counts


30. Clock Region Cell Placement per Global Clock: Region X2Y5
-------------------------------------------------------------

+-----------+-------+-----------------+------------+-------------+-----------------+----+--------+------+------+-----+----+------+-----+---------+-------------------------------------------+
| Global Id | Track | Driver Type/Pin | Constraint | Clock Loads | Non-Clock Loads | FF | LUTRAM | RAMB | URAM | DSP | GT | MMCM | PLL | Hard IP | Net                                       |
+-----------+-------+-----------------+------------+-------------+-----------------+----+--------+------+------+-----+----+------+-----+---------+-------------------------------------------+
| g0+       | 16    | BUFGCE/O        | None       |           0 |               0 |  0 |      0 |    0 |    0 |   0 |  0 |    0 |   0 |       0 | U_CLK_WIZARD/inst/clk                     |
| g2        | 23    | BUFGCE/O        | None       |           1 |               0 |  1 |      0 |    0 |    0 |   0 |  0 |    0 |   0 |       0 | dbg_hub/inst/BSCANID.u_xsdbm_id/itck_i    |
| g5+       | 2     | BUFGCE/O        | None       |           0 |               0 |  0 |      0 |    0 |    0 |   0 |  0 |    0 |   0 |       0 | U_FFT_TOP/TOP_CBFP_REORDER/U_REORDER/E[0] |
+-----------+-------+-----------------+------------+-------------+-----------------+----+--------+------+------+-----+----+------+-----+---------+-------------------------------------------+
* Clock Loads column represents the clock pin loads (pin count)
** Non-Clock Loads column represents the non-clock pin loads (pin count)
*** Columns FF, LUTRAM, RAMB through 'Hard IP' represents load cell counts
**** In Global Id column, sympbol '+' indicates that global clock was used only to route through the clock region.


